Arguments: 
  D:\node\node.exe C:\Users\Administrator\AppData\Roaming\npm\node_modules\yarn\bin\yarn.js add autoprefixer babel-core babel-loader babel-plugin-transorm-runtime babel-preset-latest css-loader ejs-loader file-loader html-webpack-plugin node-sass postcss-loader sass-loader style-loader url-loader webpack webpack-cli webpack-dev-server -D

PATH: 
  D:\python\;D:\python\Scripts;C:\Program Files (x86)\Common Files\Oracle\Java\javapath;C:\Program Files\Java\jdk1.8.0_181/bin;D:\tomcat\apache-tomcat-9.0.24\bin;C:\WINDOWS\system32;C:\WINDOWS;C:\WINDOWS\System32\Wbem;C:\WINDOWS\System32\WindowsPowerShell\v1.0\;C:\WINDOWS\System32\OpenSSH\;D:\mysqlDB\bin;D:\git\Git\cmd;C:\Program Files\dotnet\;C:\Program Files\Microsoft SQL Server\130\Tools\Binn\;C:\Program Files\Microsoft SQL Server\120\DTS\Binn\;C:\Program Files\Microsoft SQL Server\Client SDK\ODBC\110\Tools\Binn\;C:\Program Files (x86)\Microsoft SQL Server\120\Tools\Binn\;C:\Program Files\Microsoft SQL Server\120\Tools\Binn\;C:\Program Files (x86)\Microsoft SQL Server\120\Tools\Binn\ManagementStudio\;C:\Program Files (x86)\Microsoft SQL Server\120\DTS\Binn\;C:\Users\Administrator\AppData\Local\Android\Sdk\platform-tools\;C:\Users\Administrator\AppData\Local\Android\Sdk\emulator;C:\Users\Administrator\AppData\Local\Android\Sdk\tools;C:\Users\Administrator\AppData\Local\Android\Sdk\tools\bin;C:\Users\Administrator\AppData\Local\Android\Sdk\platform-tools;D:\node\;C:\Users\Administrator\AppData\Local\Microsoft\WindowsApps;C:\Program Files\MongoDB\Server\4.2\bin;D:\vsCode\Microsoft VS Code\bin;D:\maven\apache-maven-3.6.3\bin;C:\Users\Administrator\AppData\Roaming\npm

Yarn version: 
  1.22.10

Node version: 
  14.15.1

Platform: 
  win32 x64

Trace: 
  Error: https://registry.npm.taobao.org/babel-plugin-transorm-runtime: Not found
      at Request.params.callback [as _callback] (C:\Users\Administrator\AppData\Roaming\npm\node_modules\yarn\lib\cli.js:66988:18)
      at Request.self.callback (C:\Users\Administrator\AppData\Roaming\npm\node_modules\yarn\lib\cli.js:140662:22)
      at Request.emit (events.js:315:20)
      at Request.<anonymous> (C:\Users\Administrator\AppData\Roaming\npm\node_modules\yarn\lib\cli.js:141634:10)
      at Request.emit (events.js:315:20)
      at IncomingMessage.<anonymous> (C:\Users\Administrator\AppData\Roaming\npm\node_modules\yarn\lib\cli.js:141556:12)
      at Object.onceWrapper (events.js:421:28)
      at IncomingMessage.emit (events.js:327:22)
      at endReadableNT (_stream_readable.js:1327:12)
      at processTicksAndRejections (internal/process/task_queues.js:80:21)

npm manifest: 
  {
    "name": "my_news",
    "version": "1.0.0",
    "description": "",
    "main": "index.js",
    "scripts": {
      "test": "echo \"Error: no test specified\" && exit 1"
    },
    "keywords": [],
    "author": "",
    "license": "ISC"
  }

yarn manifest: 
  No manifest

Lockfile: 
  No lockfile
